This is pdfTeX, Version 3.1415926-2.4-1.40.13 (TeX Live 2012/Debian) (format=pdflatex 2014.3.21)  3 APR 2014 12:54
entering extended mode
 restricted \write18 enabled.
 %&-line parsing enabled.
**140403_CNT_data.tex
(./140403_CNT_data.tex
LaTeX2e <2011/06/27>
Babel <v3.8m> and hyphenation patterns for english, dumylang, nohyphenation, lo
aded.
(/usr/share/texlive/texmf-dist/tex/latex/revtex4/revtex4.cls
Document Class: revtex4 2001/08/02 v4.0 (http://publish.aps.org/revtex4/ for do
cumentation)
 Copyright (c) 2001 The American Physical Society.
 mailto:revtex@aps.org
 Licensed under the LPPL:
http://www.ctan.org/tex-archive/macros/latex/base/lppl.txt
 Arthur Ogawa <ogawa@teleport.com>
 Based on work by David Carlisle <david@dcarlisle.demon.co.uk>.
ltxutil: portions licensed from W. E. Baxter (web@superscript.com)
Class revtex4 Info: Repairing broken LateX \@sect on input line 596.
\intertabularlinepenalty=\count79
\@tbpen=\count80
\@arstrutbox@hline=\box26
Class revtex4 Info: Repairing broken LaTeX \@xbitor on input line 1610.
ltxgrid: portions licensed from W. E. Baxter (web@superscript.com)
\c@linecount=\count81
\output=\toks14
\@protection@box=\box27
\@topmark@saved=\toks15
\footins@saved=\box28
\pagesofar=\box29
\footbox=\box30
\pagegrid@col=\count82
Class revtex4 Info: Incorporating package {textcase}  [1998/11/12 v0.06 Text on
ly upper/lower case changing (DPC)]. on input line 3682.
(/usr/share/texlive/texmf-dist/tex/latex/url/url.sty
\Urlmuskip=\muskip10
Package: url 2006/04/12  ver 3.3  Verb mode for urls, etc.
)
\c@affil=\count83
\absbox=\box31
\c@part=\count84
\c@section=\count85
\c@subsection=\count86
\c@subsubsection=\count87
\c@paragraph=\count88
\c@subparagraph=\count89
\abovecaptionskip=\skip41
\belowcaptionskip=\skip42
\c@figure=\count90
\c@table=\count91

(/usr/share/texlive/texmf-dist/tex/latex/natbib/natbib.sty
Package: natbib 2010/09/13 8.31b (PWD, AO)
\bibhang=\skip43
\bibsep=\skip44
LaTeX Info: Redefining \cite on input line 694.
\c@NAT@ctr=\count92
)
\widetext@top=\box32
\widetext@bot=\box33

(/usr/share/texlive/texmf-dist/tex/latex/revtex4/revsymb.sty
Package: revsymb 2001/08/02 v4.0 (http://publish.aps.org/revtex4/ for documenta
tion)
LaTeX Info: Redefining \REV@mathfrak on input line 118.
))
(/usr/share/texlive/texmf-dist/tex/latex/amsfonts/amssymb.sty
Package: amssymb 2009/06/22 v3.00

(/usr/share/texlive/texmf-dist/tex/latex/amsfonts/amsfonts.sty
Package: amsfonts 2009/06/22 v3.00 Basic AMSFonts support
\@emptytoks=\toks16
\symAMSa=\mathgroup4
\symAMSb=\mathgroup5
LaTeX Font Info:    Overwriting math alphabet `\mathfrak' in version `bold'
(Font)                  U/euf/m/n --> U/euf/b/n on input line 96.
LaTeX Info: Redefining \frak on input line 99.
LaTeX Info: Redefining \Bbb on input line 101.
))
(/usr/share/texlive/texmf-dist/tex/latex/amsmath/amsmath.sty
Package: amsmath 2000/07/18 v2.13 AMS math features
\@mathmargin=\skip45

For additional information on amsmath, use the `?' option.
(/usr/share/texlive/texmf-dist/tex/latex/amsmath/amstext.sty
Package: amstext 2000/06/29 v2.01

(/usr/share/texlive/texmf-dist/tex/latex/amsmath/amsgen.sty
File: amsgen.sty 1999/11/30 v2.0
\@emptytoks=\toks17
\ex@=\dimen102
))
(/usr/share/texlive/texmf-dist/tex/latex/amsmath/amsbsy.sty
Package: amsbsy 1999/11/29 v1.2d
\pmbraise@=\dimen103
)
(/usr/share/texlive/texmf-dist/tex/latex/amsmath/amsopn.sty
Package: amsopn 1999/12/14 v2.01 operator names
)
\inf@bad=\count93
LaTeX Info: Redefining \frac on input line 211.
\uproot@=\count94
\leftroot@=\count95
LaTeX Info: Redefining \overline on input line 307.
\classnum@=\count96
\DOTSCASE@=\count97
LaTeX Info: Redefining \ldots on input line 379.
LaTeX Info: Redefining \dots on input line 382.
LaTeX Info: Redefining \cdots on input line 467.
\Mathstrutbox@=\box34
\strutbox@=\box35
\big@size=\dimen104
LaTeX Font Info:    Redeclaring font encoding OML on input line 567.
LaTeX Font Info:    Redeclaring font encoding OMS on input line 568.
\macc@depth=\count98
\c@MaxMatrixCols=\count99
\dotsspace@=\muskip11
\c@parentequation=\count100
\dspbrk@lvl=\count101
\tag@help=\toks18
\row@=\count102
\column@=\count103
\maxfields@=\count104
\andhelp@=\toks19
\eqnshift@=\dimen105
\alignsep@=\dimen106
\tagshift@=\dimen107
\tagwidth@=\dimen108
\totwidth@=\dimen109
\lineht@=\dimen110
\@envbody=\toks20
\multlinegap=\skip46
\multlinetaggap=\skip47
\mathdisplay@stack=\toks21
LaTeX Info: Redefining \[ on input line 2666.
LaTeX Info: Redefining \] on input line 2667.
)
(/usr/share/texlive/texmf-dist/tex/latex/revtex4/aps.rtx
File: aps.rtx 2001/08/02 v4.0 (http://publish.aps.org/revtex4/ for documentatio
n)
)
(/usr/share/texlive/texmf-dist/tex/latex/revtex4/10pt.rtx
File: 10pt.rtx 2001/08/02 v4.0 (http://publish.aps.org/revtex4/ for documentati
on)
)
(/usr/share/texlive/texmf-dist/tex/latex/graphics/graphicx.sty
Package: graphicx 1999/02/16 v1.0f Enhanced LaTeX Graphics (DPC,SPQR)

(/usr/share/texlive/texmf-dist/tex/latex/graphics/keyval.sty
Package: keyval 1999/03/16 v1.13 key=value parser (DPC)
\KV@toks@=\toks22
)
(/usr/share/texlive/texmf-dist/tex/latex/graphics/graphics.sty
Package: graphics 2009/02/05 v1.0o Standard LaTeX Graphics (DPC,SPQR)

(/usr/share/texlive/texmf-dist/tex/latex/graphics/trig.sty
Package: trig 1999/03/16 v1.09 sin cos tan (DPC)
)
(/usr/share/texlive/texmf-dist/tex/latex/latexconfig/graphics.cfg
File: graphics.cfg 2010/04/23 v1.9 graphics configuration of TeX Live
)
Package graphics Info: Driver file: pdftex.def on input line 91.

(/usr/share/texlive/texmf-dist/tex/latex/pdftex-def/pdftex.def
File: pdftex.def 2011/05/27 v0.06d Graphics/color for pdfTeX

(/usr/share/texlive/texmf-dist/tex/generic/oberdiek/infwarerr.sty
Package: infwarerr 2010/04/08 v1.3 Providing info/warning/error messages (HO)
)
(/usr/share/texlive/texmf-dist/tex/generic/oberdiek/ltxcmds.sty
Package: ltxcmds 2011/11/09 v1.22 LaTeX kernel commands for general use (HO)
)
\Gread@gobject=\count105
))
\Gin@req@height=\dimen111
\Gin@req@width=\dimen112
)
(/usr/share/texlive/texmf-dist/tex/latex/tools/dcolumn.sty
Package: dcolumn 2001/05/28 v1.06 decimal alignment package (DPC)

(/usr/share/texlive/texmf-dist/tex/latex/tools/array.sty
Package: array 2008/09/09 v2.4c Tabular extension package (FMi)
\col@sep=\dimen113
\extrarowheight=\dimen114
\NC@list=\toks23
\extratabsurround=\skip48
\backup@length=\skip49
))
(/usr/share/texlive/texmf-dist/tex/latex/tools/bm.sty
Package: bm 2004/02/26 v1.1c Bold Symbol Support (DPC/FMi)
\symboldoperators=\mathgroup6
\symboldletters=\mathgroup7
\symboldsymbols=\mathgroup8
LaTeX Font Info:    Redeclaring math alphabet \mathbf on input line 138.
LaTeX Info: Redefining \bm on input line 204.
)
(/usr/share/texlive/texmf-dist/tex/latex/graphics/epsfig.sty
Package: epsfig 1999/02/16 v1.7a (e)psfig emulation (SPQR)
\epsfxsize=\dimen115
\epsfysize=\dimen116
)
(/usr/share/texlive/texmf-dist/tex/latex/graphics/color.sty
Package: color 2005/11/14 v1.0j Standard LaTeX Color (DPC)

(/usr/share/texlive/texmf-dist/tex/latex/latexconfig/color.cfg
File: color.cfg 2007/01/18 v1.5 color configuration of teTeX/TeXLive
)
Package color Info: Driver file: pdftex.def on input line 130.
)

! LaTeX Error: File `wrapfig.sty' not found.

Type X to quit or <RETURN> to proceed,
or enter new name. (Default extension: sty)

Enter file name: 
No file 140403_CNT_data.aux.
\openout1 = `140403_CNT_data.aux'.

LaTeX Font Info:    Checking defaults for OML/cmm/m/it on input line 23.
LaTeX Font Info:    ... okay on input line 23.
LaTeX Font Info:    Checking defaults for T1/cmr/m/n on input line 23.
LaTeX Font Info:    ... okay on input line 23.
LaTeX Font Info:    Checking defaults for OT1/cmr/m/n on input line 23.
LaTeX Font Info:    ... okay on input line 23.
LaTeX Font Info:    Checking defaults for OMS/cmsy/m/n on input line 23.
LaTeX Font Info:    ... okay on input line 23.
LaTeX Font Info:    Checking defaults for OMX/cmex/m/n on input line 23.
LaTeX Font Info:    ... okay on input line 23.
LaTeX Font Info:    Checking defaults for U/cmr/m/n on input line 23.
LaTeX Font Info:    ... okay on input line 23.
Class revtex4 Info: Patching array package. on input line 23.
Class revtex4 Info: cite was not loaded (OK!) on input line 23.
Class revtex4 Info: multicol was not loaded (OK!) on input line 23.
(/usr/share/texlive/texmf-dist/tex/context/base/supp-pdf.mkii
[Loading MPS to PDF converter (version 2006.09.02).]
\scratchcounter=\count106
\scratchdimen=\dimen117
\scratchbox=\box36
\nofMPsegments=\count107
\nofMParguments=\count108
\everyMPshowfont=\toks24
\MPscratchCnt=\count109
\MPscratchDim=\dimen118
\MPnumerator=\count110
\makeMPintoPDFobject=\count111
\everyMPtoPDFconversion=\toks25
) (/usr/share/texlive/texmf-dist/tex/generic/oberdiek/pdftexcmds.sty
Package: pdftexcmds 2011/11/29 v0.20 Utility functions of pdfTeX for LuaTeX (HO
)

(/usr/share/texlive/texmf-dist/tex/generic/oberdiek/ifluatex.sty
Package: ifluatex 2010/03/01 v1.3 Provides the ifluatex switch (HO)
Package ifluatex Info: LuaTeX not detected.
)
(/usr/share/texlive/texmf-dist/tex/generic/oberdiek/ifpdf.sty
Package: ifpdf 2011/01/30 v2.3 Provides the ifpdf switch (HO)
Package ifpdf Info: pdfTeX in PDF mode is detected.
)
Package pdftexcmds Info: LuaTeX not detected.
Package pdftexcmds Info: \pdf@primitive is available.
Package pdftexcmds Info: \pdf@ifprimitive is available.
Package pdftexcmds Info: \pdfdraftmode found.
)
(/usr/share/texlive/texmf-dist/tex/latex/oberdiek/epstopdf-base.sty
Package: epstopdf-base 2010/02/09 v2.5 Base part for package epstopdf

(/usr/share/texlive/texmf-dist/tex/latex/oberdiek/grfext.sty
Package: grfext 2010/08/19 v1.1 Manage graphics extensions (HO)

(/usr/share/texlive/texmf-dist/tex/generic/oberdiek/kvdefinekeys.sty
Package: kvdefinekeys 2011/04/07 v1.3 Define keys (HO)
))
(/usr/share/texlive/texmf-dist/tex/latex/oberdiek/kvoptions.sty
Package: kvoptions 2011/06/30 v3.11 Key value format for package options (HO)

(/usr/share/texlive/texmf-dist/tex/generic/oberdiek/kvsetkeys.sty
Package: kvsetkeys 2012/04/25 v1.16 Key value parser (HO)

(/usr/share/texlive/texmf-dist/tex/generic/oberdiek/etexcmds.sty
Package: etexcmds 2011/02/16 v1.5 Avoid name clashes with e-TeX commands (HO)
Package etexcmds Info: Could not find \expanded.
(etexcmds)             That can mean that you are not using pdfTeX 1.50 or
(etexcmds)             that some package has redefined \expanded.
(etexcmds)             In the latter case, load this package earlier.
)))
Package grfext Info: Graphics extension search list:
(grfext)             [.png,.pdf,.jpg,.mps,.jpeg,.jbig2,.jb2,.PNG,.PDF,.JPG,.JPE
G,.JBIG2,.JB2,.eps]
(grfext)             \AppendGraphicsExtensions on input line 452.

(/usr/share/texlive/texmf-dist/tex/latex/latexconfig/epstopdf-sys.cfg
File: epstopdf-sys.cfg 2010/07/13 v1.3 Configuration of (r)epstopdf for TeX Liv
e
))

Class revtex4 Warning: Assuming \noaffiliation for J. Hopkins in Python.

<prop_plots/65w65_eps2.pdf, id=1, 578.16pt x 433.62pt>
File: prop_plots/65w65_eps2.pdf Graphic file (type pdf)

<use prop_plots/65w65_eps2.pdf>
Package pdftex.def Info: prop_plots/65w65_eps2.pdf used on input line 42.
(pdftex.def)             Requested size: 265.19656pt x 198.89198pt.

Overfull \hbox (61.19968pt too wide) in paragraph at lines 42--43
 [] 
 []

<prop_plots/65w65_eiz.pdf, id=2, 578.16pt x 433.62pt>
File: prop_plots/65w65_eiz.pdf Graphic file (type pdf)

<use prop_plots/65w65_eiz.pdf>
Package pdftex.def Info: prop_plots/65w65_eiz.pdf used on input line 48.
(pdftex.def)             Requested size: 265.19656pt x 198.89198pt.

Overfull \hbox (61.19968pt too wide) in paragraph at lines 48--49
 [] 
 []


LaTeX Warning: Reference `pars-31' on page 1 undefined on input line 52.


LaTeX Warning: Reference `pars-31-g' on page 1 undefined on input line 52.

LaTeX Font Info:    Try loading font information for U+msa on input line 52.
(/usr/share/texlive/texmf-dist/tex/latex/amsfonts/umsa.fd
File: umsa.fd 2009/06/22 v3.00 AMS symbols A
)
LaTeX Font Info:    Try loading font information for U+msb on input line 52.

(/usr/share/texlive/texmf-dist/tex/latex/amsfonts/umsb.fd
File: umsb.fd 2009/06/22 v3.00 AMS symbols B
)

LaTeX Warning: Reference `eq:adef' on page 1 undefined on input line 52.


LaTeX Warning: Reference `pars-31' on page 1 undefined on input line 52.


LaTeX Warning: Reference `pars-31-g' on page 1 undefined on input line 52.


LaTeX Warning: Reference `eq:adef' on page 1 undefined on input line 52.

<prop_plots/91w91_eps2.pdf, id=3, 578.16pt x 433.62pt>
File: prop_plots/91w91_eps2.pdf Graphic file (type pdf)

<use prop_plots/91w91_eps2.pdf>
Package pdftex.def Info: prop_plots/91w91_eps2.pdf used on input line 62.
(pdftex.def)             Requested size: 244.79564pt x 183.59464pt.

Overfull \hbox (40.79875pt too wide) in paragraph at lines 62--63
 [] 
 []

<prop_plots/91w91_eiz.pdf, id=4, 578.16pt x 433.62pt>
File: prop_plots/91w91_eiz.pdf Graphic file (type pdf)

<use prop_plots/91w91_eiz.pdf>
Package pdftex.def Info: prop_plots/91w91_eiz.pdf used on input line 68.
(pdftex.def)             Requested size: 244.79564pt x 183.59464pt.

Overfull \hbox (40.79875pt too wide) in paragraph at lines 68--69
 [] 
 []


LaTeX Warning: Reference `pars-31' on page 1 undefined on input line 72.


LaTeX Warning: Reference `pars-31-g' on page 1 undefined on input line 72.


LaTeX Warning: Reference `eq:adef' on page 1 undefined on input line 72.


LaTeX Warning: Reference `pars-31' on page 1 undefined on input line 72.


LaTeX Warning: Reference `pars-31-g' on page 1 undefined on input line 72.


LaTeX Warning: Reference `eq:adef' on page 1 undefined on input line 72.

<prop_plots/93w93_eps2.pdf, id=5, 578.16pt x 433.62pt>
File: prop_plots/93w93_eps2.pdf Graphic file (type pdf)

<use prop_plots/93w93_eps2.pdf>
Package pdftex.def Info: prop_plots/93w93_eps2.pdf used on input line 82.
(pdftex.def)             Requested size: 285.59439pt x 214.19595pt.

Overfull \hbox (81.5975pt too wide) in paragraph at lines 82--83
 [] 
 []

<prop_plots/93w93_eiz.pdf, id=6, 578.16pt x 433.62pt>
File: prop_plots/93w93_eiz.pdf Graphic file (type pdf)

<use prop_plots/93w93_eiz.pdf>
Package pdftex.def Info: prop_plots/93w93_eiz.pdf used on input line 88.
(pdftex.def)             Requested size: 285.59439pt x 214.19595pt.

Overfull \hbox (81.5975pt too wide) in paragraph at lines 88--89
 [] 
 []


LaTeX Warning: Reference `pars-31' on page 1 undefined on input line 92.


LaTeX Warning: Reference `pars-31-g' on page 1 undefined on input line 92.


LaTeX Warning: Reference `eq:adef' on page 1 undefined on input line 92.


LaTeX Warning: Reference `pars-31' on page 1 undefined on input line 92.


LaTeX Warning: Reference `pars-31-g' on page 1 undefined on input line 92.


LaTeX Warning: Reference `eq:adef' on page 1 undefined on input line 92.

<prop_plots/290w290_eps2.pdf, id=7, 578.16pt x 433.62pt>
File: prop_plots/290w290_eps2.pdf Graphic file (type pdf)

<use prop_plots/290w290_eps2.pdf>
Package pdftex.def Info: prop_plots/290w290_eps2.pdf used on input line 102.
(pdftex.def)             Requested size: 244.79564pt x 183.59464pt.

Overfull \hbox (40.79875pt too wide) in paragraph at lines 102--103
 [] 
 []

<prop_plots/290w290_eiz.pdf, id=8, 578.16pt x 433.62pt>
File: prop_plots/290w290_eiz.pdf Graphic file (type pdf)

<use prop_plots/290w290_eiz.pdf>
Package pdftex.def Info: prop_plots/290w290_eiz.pdf used on input line 108.
(pdftex.def)             Requested size: 244.79564pt x 183.59464pt.

Overfull \hbox (40.79875pt too wide) in paragraph at lines 108--109
 [] 
 []


LaTeX Warning: Reference `pars-31' on page 1 undefined on input line 112.


LaTeX Warning: Reference `pars-31-g' on page 1 undefined on input line 112.


LaTeX Warning: Reference `eq:adef' on page 1 undefined on input line 112.


LaTeX Warning: Reference `pars-31' on page 1 undefined on input line 112.


LaTeX Warning: Reference `pars-31-g' on page 1 undefined on input line 112.


LaTeX Warning: Reference `eq:adef' on page 1 undefined on input line 112.


LaTeX Warning: Reference `anisoind' on page 1 undefined on input line 118.


Package natbib Warning: Citation `Barash89' on page 1 undefined on input line 1
37.


LaTeX Warning: Reference `eq:d2f' on page 1 undefined on input line 139.

[1{/var/lib/texmf/fonts/map/pdftex/updmap/pdftex.map} <./prop_plots/65w65_eps2.
pdf> <./prop_plots/65w65_eiz.pdf

pdfTeX warning: pdflatex (file ./prop_plots/65w65_eiz.pdf): PDF inclusion: mult
iple pdfs with page group included in a single page
>] [2 <./prop_plots/91w91_eps2.pdf> <./prop_plots/91w91_eiz.pdf

pdfTeX warning: pdflatex (file ./prop_plots/91w91_eiz.pdf): PDF inclusion: mult
iple pdfs with page group included in a single page
> <./prop_plots/93w93_eps2.pdf

pdfTeX warning: pdflatex (file ./prop_plots/93w93_eps2.pdf): PDF inclusion: mul
tiple pdfs with page group included in a single page
> <./prop_plots/93w93_eiz.pdf

pdfTeX warning: pdflatex (file ./prop_plots/93w93_eiz.pdf): PDF inclusion: mult
iple pdfs with page group included in a single page
>] <plots/65_A_vs_n.pdf, id=351, 578.16pt x 433.62pt>
File: plots/65_A_vs_n.pdf Graphic file (type pdf)

<use plots/65_A_vs_n.pdf>
Package pdftex.def Info: plots/65_A_vs_n.pdf used on input line 151.
(pdftex.def)             Requested size: 244.79564pt x 183.59464pt.

Overfull \hbox (40.79875pt too wide) in paragraph at lines 151--152
 [] 
 []

<plots/140322_65w65_HCs_perpendicular_ret.pdf, id=352, 578.16pt x 433.62pt>
File: plots/140322_65w65_HCs_perpendicular_ret.pdf Graphic file (type pdf)

<use plots/140322_65w65_HCs_perpendicular_ret.pdf>
Package pdftex.def Info: plots/140322_65w65_HCs_perpendicular_ret.pdf used on i
nput line 157.
(pdftex.def)             Requested size: 244.79564pt x 183.59464pt.

Overfull \hbox (40.79875pt too wide) in paragraph at lines 157--158
 [] 
 []


LaTeX Warning: Reference `pars-31' on page 3 undefined on input line 161.


LaTeX Warning: Reference `pars-31-g' on page 3 undefined on input line 161.


LaTeX Warning: Reference `eq:adef' on page 3 undefined on input line 161.


LaTeX Warning: Reference `pars-31' on page 3 undefined on input line 161.


LaTeX Warning: Reference `pars-31-g' on page 3 undefined on input line 161.


LaTeX Warning: Reference `eq:adef' on page 3 undefined on input line 161.

<plots/90_A_vs_n.pdf, id=353, 578.16pt x 433.62pt>
File: plots/90_A_vs_n.pdf Graphic file (type pdf)
 <use plots/90_A_vs_n.pdf>
Package pdftex.def Info: plots/90_A_vs_n.pdf used on input line 171.
(pdftex.def)             Requested size: 244.79564pt x 183.59464pt.

Overfull \hbox (40.79875pt too wide) in paragraph at lines 171--172
 [] 
 []

<plots/140322_90w90_HCs_perpendicular_ret.pdf, id=354, 578.16pt x 433.62pt>
File: plots/140322_90w90_HCs_perpendicular_ret.pdf Graphic file (type pdf)

<use plots/140322_90w90_HCs_perpendicular_ret.pdf>
Package pdftex.def Info: plots/140322_90w90_HCs_perpendicular_ret.pdf used on i
nput line 177.
(pdftex.def)             Requested size: 244.79564pt x 183.59464pt.

Overfull \hbox (40.79875pt too wide) in paragraph at lines 177--178
 [] 
 []


LaTeX Warning: Reference `pars-31' on page 3 undefined on input line 181.


LaTeX Warning: Reference `pars-31-g' on page 3 undefined on input line 181.


LaTeX Warning: Reference `eq:adef' on page 3 undefined on input line 181.


LaTeX Warning: Reference `pars-31' on page 3 undefined on input line 181.


LaTeX Warning: Reference `pars-31-g' on page 3 undefined on input line 181.


LaTeX Warning: Reference `eq:adef' on page 3 undefined on input line 181.

<plots/91_A_vs_n.pdf, id=355, 578.16pt x 433.62pt>
File: plots/91_A_vs_n.pdf Graphic file (type pdf)
 <use plots/91_A_vs_n.pdf>
Package pdftex.def Info: plots/91_A_vs_n.pdf used on input line 191.
(pdftex.def)             Requested size: 244.79564pt x 183.59464pt.

Overfull \hbox (40.79875pt too wide) in paragraph at lines 191--192
 [] 
 []

<plots/140322_91w91_HCs_perpendicular_ret.pdf, id=356, 578.16pt x 433.62pt>
File: plots/140322_91w91_HCs_perpendicular_ret.pdf Graphic file (type pdf)

<use plots/140322_91w91_HCs_perpendicular_ret.pdf>
Package pdftex.def Info: plots/140322_91w91_HCs_perpendicular_ret.pdf used on i
nput line 197.
(pdftex.def)             Requested size: 244.79564pt x 183.59464pt.

Overfull \hbox (40.79875pt too wide) in paragraph at lines 197--198
 [] 
 []


LaTeX Warning: Reference `pars-31' on page 3 undefined on input line 201.


LaTeX Warning: Reference `pars-31-g' on page 3 undefined on input line 201.


LaTeX Warning: Reference `eq:adef' on page 3 undefined on input line 201.


LaTeX Warning: Reference `pars-31' on page 3 undefined on input line 201.


LaTeX Warning: Reference `pars-31-g' on page 3 undefined on input line 201.


LaTeX Warning: Reference `eq:adef' on page 3 undefined on input line 201.

<plots/93_A_vs_n.pdf, id=357, 578.16pt x 433.62pt>
File: plots/93_A_vs_n.pdf Graphic file (type pdf)
 <use plots/93_A_vs_n.pdf>
Package pdftex.def Info: plots/93_A_vs_n.pdf used on input line 211.
(pdftex.def)             Requested size: 244.79564pt x 183.59464pt.

Overfull \hbox (40.79875pt too wide) in paragraph at lines 211--212
 [] 
 []

<plots/140322_93w93_HCs_perpendicular_ret.pdf, id=358, 578.16pt x 433.62pt>
File: plots/140322_93w93_HCs_perpendicular_ret.pdf Graphic file (type pdf)

<use plots/140322_93w93_HCs_perpendicular_ret.pdf>
Package pdftex.def Info: plots/140322_93w93_HCs_perpendicular_ret.pdf used on i
nput line 217.
(pdftex.def)             Requested size: 244.79564pt x 183.59464pt.

Overfull \hbox (40.79875pt too wide) in paragraph at lines 217--218
 [] 
 []


LaTeX Warning: Reference `pars-31' on page 3 undefined on input line 221.


LaTeX Warning: Reference `pars-31-g' on page 3 undefined on input line 221.


LaTeX Warning: Reference `eq:adef' on page 3 undefined on input line 221.


LaTeX Warning: Reference `pars-31' on page 3 undefined on input line 221.


LaTeX Warning: Reference `pars-31-g' on page 3 undefined on input line 221.


LaTeX Warning: Reference `eq:adef' on page 3 undefined on input line 221.

<plots/290_A_vs_n.pdf, id=359, 578.16pt x 433.62pt>
File: plots/290_A_vs_n.pdf Graphic file (type pdf)
 <use plots/290_A_vs_n.pdf>
Package pdftex.def Info: plots/290_A_vs_n.pdf used on input line 231.
(pdftex.def)             Requested size: 244.79564pt x 183.59464pt.

Overfull \hbox (40.79875pt too wide) in paragraph at lines 231--232
 [] 
 []

<plots/140322_290w290_HCs_perpendicular_ret.pdf, id=360, 578.16pt x 433.62pt>
File: plots/140322_290w290_HCs_perpendicular_ret.pdf Graphic file (type pdf)

<use plots/140322_290w290_HCs_perpendicular_ret.pdf>
Package pdftex.def Info: plots/140322_290w290_HCs_perpendicular_ret.pdf used on
 input line 237.
(pdftex.def)             Requested size: 244.79564pt x 183.59464pt.

Overfull \hbox (40.79875pt too wide) in paragraph at lines 237--238
 [] 
 []


LaTeX Warning: Reference `pars-31' on page 3 undefined on input line 241.


LaTeX Warning: Reference `pars-31-g' on page 3 undefined on input line 241.


LaTeX Warning: Reference `eq:adef' on page 3 undefined on input line 241.


LaTeX Warning: Reference `pars-31' on page 3 undefined on input line 241.


LaTeX Warning: Reference `pars-31-g' on page 3 undefined on input line 241.


LaTeX Warning: Reference `eq:adef' on page 3 undefined on input line 241.


LaTeX Warning: File `140309_65w65_GH_skew_ret_A0_A2.pdf' not found on input lin
e 247.


! Package pdftex.def Error: File `140309_65w65_GH_skew_ret_A0_A2.pdf' not found
.

See the pdftex.def package documentation for explanation.
Type  H <return>  for immediate help.
 ...                                              
                                                  
l.247 ...2cm]{140309_65w65_GH_skew_ret_A0_A2.pdf}}
                                                  
? 

LaTeX Warning: File `140309_91w91_GH_skew_ret_A0_A2.pdf' not found on input lin
e 256.


! Package pdftex.def Error: File `140309_91w91_GH_skew_ret_A0_A2.pdf' not found
.

See the pdftex.def package documentation for explanation.
Type  H <return>  for immediate help.
 ...                                              
                                                  
l.256 ...2cm]{140309_91w91_GH_skew_ret_A0_A2.pdf}}
                                                  
? 

LaTeX Warning: File `140309_93w93_GH_skew_ret_A0_A2.pdf' not found on input lin
e 265.


! Package pdftex.def Error: File `140309_93w93_GH_skew_ret_A0_A2.pdf' not found
.

See the pdftex.def package documentation for explanation.
Type  H <return>  for immediate help.
 ...                                              
                                                  
l.265 ...2cm]{140309_93w93_GH_skew_ret_A0_A2.pdf}}
                                                  
? 

LaTeX Warning: File `140309_290w290_GH_skew_ret_A0_A2.pdf' not found on input l
ine 274.


! Package pdftex.def Error: File `140309_290w290_GH_skew_ret_A0_A2.pdf' not fou
nd.

See the pdftex.def package documentation for explanation.
Type  H <return>  for immediate help.
 ...                                              
                                                  
l.274 ...m]{140309_290w290_GH_skew_ret_A0_A2.pdf}}
                                                  
? 

LaTeX Warning: Reference `form1' on page 3 undefined on input line 282.

[3 <./prop_plots/290w290_eps2.pdf> <./prop_plots/290w290_eiz.pdf

pdfTeX warning: pdflatex (file ./prop_plots/290w290_eiz.pdf): PDF inclusion: mu
ltiple pdfs with page group included in a single page
>] [4 <./plots/65_A_vs_n.pdf> <./plots/140322_65w65_HCs_perpendicular_ret.pdf

pdfTeX warning: pdflatex (file ./plots/140322_65w65_HCs_perpendicular_ret.pdf):
 PDF inclusion: multiple pdfs with page group included in a single page
> <./plots/90_A_vs_n.pdf

pdfTeX warning: pdflatex (file ./plots/90_A_vs_n.pdf): PDF inclusion: multiple 
pdfs with page group included in a single page
> <./plots/140322_90w90_HCs_perpendicular_ret.pdf

pdfTeX warning: pdflatex (file ./plots/140322_90w90_HCs_perpendicular_ret.pdf):
 PDF inclusion: multiple pdfs with page group included in a single page
>] [5 <./plots/91_A_vs_n.pdf> <./plots/140322_91w91_HCs_perpendicular_ret.pdf

pdfTeX warning: pdflatex (file ./plots/140322_91w91_HCs_perpendicular_ret.pdf):
 PDF inclusion: multiple pdfs with page group included in a single page
> <./plots/93_A_vs_n.pdf

pdfTeX warning: pdflatex (file ./plots/93_A_vs_n.pdf): PDF inclusion: multiple 
pdfs with page group included in a single page
> <./plots/140322_93w93_HCs_perpendicular_ret.pdf

pdfTeX warning: pdflatex (file ./plots/140322_93w93_HCs_perpendicular_ret.pdf):
 PDF inclusion: multiple pdfs with page group included in a single page
>]

LaTeX Warning: Reference `pars-31a' on page 6 undefined on input line 337.


LaTeX Warning: Reference `befgqw' on page 6 undefined on input line 337.


LaTeX Warning: Reference `eq:adef' on page 6 undefined on input line 337.


Package natbib Warning: Citation `Parsegian' on page 6 undefined on input line 
424.

[6 <./plots/290_A_vs_n.pdf> <./plots/140322_290w290_HCs_perpendicular_ret.pdf

pdfTeX warning: pdflatex (file ./plots/140322_290w290_HCs_perpendicular_ret.pdf
): PDF inclusion: multiple pdfs with page group included in a single page
>]

LaTeX Warning: Reference `retardedfinal' on page 7 undefined on input line 449.


[7]

LaTeX Warning: Reference `fcfenhjqwk' on page 8 undefined on input line 462.

<par_plots/65w65_A_vs_n.pdf, id=1092, 1734.48pt x 875.37035pt>
File: par_plots/65w65_A_vs_n.pdf Graphic file (type pdf)

<use par_plots/65w65_A_vs_n.pdf>
Package pdftex.def Info: par_plots/65w65_A_vs_n.pdf used on input line 467.
(pdftex.def)             Requested size: 227.62204pt x 114.8707pt.

<par_plots/90w90_A_vs_n.pdf, id=1093, 1734.48pt x 875.37035pt>
File: par_plots/90w90_A_vs_n.pdf Graphic file (type pdf)

<use par_plots/90w90_A_vs_n.pdf>
Package pdftex.def Info: par_plots/90w90_A_vs_n.pdf used on input line 476.
(pdftex.def)             Requested size: 227.62204pt x 114.8707pt.

<par_plots/91w91_A_vs_n.pdf, id=1094, 1734.48pt x 875.37035pt>
File: par_plots/91w91_A_vs_n.pdf Graphic file (type pdf)

<use par_plots/91w91_A_vs_n.pdf>
Package pdftex.def Info: par_plots/91w91_A_vs_n.pdf used on input line 485.
(pdftex.def)             Requested size: 227.62204pt x 114.8707pt.

<par_plots/93w93_A_vs_n.pdf, id=1095, 1734.48pt x 875.37035pt>
File: par_plots/93w93_A_vs_n.pdf Graphic file (type pdf)

<use par_plots/93w93_A_vs_n.pdf>
Package pdftex.def Info: par_plots/93w93_A_vs_n.pdf used on input line 494.
(pdftex.def)             Requested size: 227.62204pt x 114.8707pt.

<par_plots/290w290_A_vs_n.pdf, id=1096, 1734.48pt x 875.37035pt>
File: par_plots/290w290_A_vs_n.pdf Graphic file (type pdf)

<use par_plots/290w290_A_vs_n.pdf>
Package pdftex.def Info: par_plots/290w290_A_vs_n.pdf used on input line 503.
(pdftex.def)             Requested size: 227.62204pt x 114.8707pt.


Package natbib Warning: There were undefined citations.

[8] [9] [10 <./par_plots/65w65_A_vs_n.pdf>] [11 <./par_plots/90w90_A_vs_n.pdf> 
<./par_plots/91w91_A_vs_n.pdf

pdfTeX warning: pdflatex (file ./par_plots/91w91_A_vs_n.pdf): PDF inclusion: mu
ltiple pdfs with page group included in a single page
> <./par_plots/93w93_A_vs_n.pdf

pdfTeX warning: pdflatex (file ./par_plots/93w93_A_vs_n.pdf): PDF inclusion: mu
ltiple pdfs with page group included in a single page
> <./par_plots/290w290_A_vs_n.pdf

pdfTeX warning: pdflatex (file ./par_plots/290w290_A_vs_n.pdf): PDF inclusion: 
multiple pdfs with page group included in a single page
>] (./140403_CNT_data.aux)

LaTeX Warning: There were undefined references.


LaTeX Warning: Label(s) may have changed. Rerun to get cross-references right .


 ) 
Here is how much of TeX's memory you used:
 4280 strings out of 495059
 56984 string characters out of 3182030
 142465 words of memory out of 3000000
 7362 multiletter control sequences out of 15000+200000
 14169 words of font info for 53 fonts, out of 3000000 for 9000
 14 hyphenation exceptions out of 8191
 38i,10n,26p,1276b,396s stack positions out of 5000i,500n,10000p,200000b,50000s
</usr/share/texlive/texmf-dist/fonts/type1/public/amsfonts/cm/cmbx10.pfb></us
r/share/texlive/texmf-dist/fonts/type1/public/amsfonts/cm/cmbx12.pfb></usr/shar
e/texlive/texmf-dist/fonts/type1/public/amsfonts/cm/cmbx9.pfb></usr/share/texli
ve/texmf-dist/fonts/type1/public/amsfonts/cm/cmex10.pfb></usr/share/texlive/tex
mf-dist/fonts/type1/public/amsfonts/cmextra/cmex7.pfb></usr/share/texlive/texmf
-dist/fonts/type1/public/amsfonts/cm/cmmi10.pfb></usr/share/texlive/texmf-dist/
fonts/type1/public/amsfonts/cm/cmmi5.pfb></usr/share/texlive/texmf-dist/fonts/t
ype1/public/amsfonts/cm/cmmi6.pfb></usr/share/texlive/texmf-dist/fonts/type1/pu
blic/amsfonts/cm/cmmi7.pfb></usr/share/texlive/texmf-dist/fonts/type1/public/am
sfonts/cm/cmmi9.pfb></usr/share/texlive/texmf-dist/fonts/type1/public/amsfonts/
cm/cmr10.pfb></usr/share/texlive/texmf-dist/fonts/type1/public/amsfonts/cm/cmr5
.pfb></usr/share/texlive/texmf-dist/fonts/type1/public/amsfonts/cm/cmr6.pfb></u
sr/share/texlive/texmf-dist/fonts/type1/public/amsfonts/cm/cmr7.pfb></usr/share
/texlive/texmf-dist/fonts/type1/public/amsfonts/cm/cmr9.pfb></usr/share/texlive
/texmf-dist/fonts/type1/public/amsfonts/cm/cmsl10.pfb></usr/share/texlive/texmf
-dist/fonts/type1/public/amsfonts/cm/cmsy10.pfb></usr/share/texlive/texmf-dist/
fonts/type1/public/amsfonts/cm/cmsy7.pfb></usr/share/texlive/texmf-dist/fonts/t
ype1/public/amsfonts/cm/cmsy9.pfb></usr/share/texlive/texmf-dist/fonts/type1/pu
blic/amsfonts/cm/cmtt9.pfb></usr/share/texlive/texmf-dist/fonts/type1/public/am
sfonts/symbols/msbm10.pfb></usr/share/texlive/texmf-dist/fonts/type1/public/ams
fonts/symbols/msbm7.pfb>
Output written on 140403_CNT_data.pdf (11 pages, 750107 bytes).
PDF statistics:
 1458 PDF objects out of 1728 (max. 8388607)
 511 compressed objects within 6 object streams
 0 named destinations out of 1000 (max. 500000)
 116 words of extra memory for PDF output out of 10000 (max. 10000000)

